DBIx::Admin::CreateTable. Db vendor 'POSTGRESQL'.
Db vendor: POSTGRESQL.
Primary index name: test_pkey.
DBIx::Admin::CreateTable. SQL: drop table test.
DBIx::Admin::CreateTable. Dropped table 'test'.
DBIx::Admin::CreateTable. SQL: drop sequence test_id_seq.
DBIx::Admin::CreateTable. Dropped sequence 'test_id_seq'.
DBIx::Admin::CreateTable. SQL: create sequence test_id_seq.
DBIx::Admin::CreateTable. Created sequence 'test_id_seq'.
DBIx::Admin::CreateTable. SQL: create table test
(
id integer primary key default nextval('test_id_seq'),
data varchar(255)
)
.
DBIx::Admin::CreateTable. Created table 'test'.

Insert test data.

Retrieve test data.

Expecting:
1. One.
2. Two.
3. Three.
4. Four.
5. Five.
9. Nine.

Retrieved:
1. One.
2. Two.
3. Three.
4. Four.
5. Five.
9. Nine.

